

     *****************************************************************
     *                     CHEMKIN Release 4.1.1                     *
     *                       CONP Application                        *
     *               Gas Phase Kinetics Sample Program               *
     * Copyright(c) 1997-2007 Reaction Design.  All Rights Reserved. *
     *****************************************************************



Initializing CHEMKIN Gas-phase Library, a component of CHEMKIN Release 4.1.1.  Build date: Aug 6, 2007
This and All Other CHEMKIN(R) Libraries are Copyright (c) 1997-2007 Reaction Design.  All rights reserved.


LICENSE INFORMATION: 
 

LicNum: 1826
 Licensed to Massachusetts Institute of Technology (MIT)
 Contact: Alex Prengel
 Expiring: 28-feb-2011
                                                                                                                                                                                                                                                                                                                                                                                                            
ADIABATIC FIXED PRESSURE PROBLEM

INPUT PRESSURE(ATM) AND TEMPERATURE(K)
 1.000e+00  1.000e+03

INPUT MOLES OF NEXT SPECIES
H2  1.000e+00

INPUT MOLES OF NEXT SPECIES
O2  3.000e+00

INPUT MOLES OF NEXT SPECIES
N2  1.000e-01

INPUT MOLES OF NEXT SPECIES
END

INPUT FINAL TIME AND DT
 3.000e-04  3.000e-05


  T(SEC)       TMP(K)           H2           H          O2           O          OH  
                               HO2        H2O2         H2O           N          N2  
                                NO  
 0.000e+00   1.000e+03   2.439e-01   0.000e+00   7.317e-01   0.000e+00   0.000e+00  
                         0.000e+00   0.000e+00   0.000e+00   0.000e+00   2.439e-02  
                         0.000e+00  
 3.000e-05   1.000e+03   2.439e-01   8.173e-06   7.317e-01   4.251e-06   1.442e-06  
                         1.292e-05   1.035e-08   2.588e-05   1.809e-21   2.439e-02  
                         3.752e-20  
 6.000e-05   1.961e+03   8.902e-03   1.685e-02   6.254e-01   5.704e-02   4.110e-02  
                         1.745e-04   3.554e-05   2.243e-01   2.295e-10   2.623e-02  
                         1.666e-08  
 9.000e-05   2.350e+03   3.668e-03   3.314e-03   6.575e-01   2.354e-02   3.921e-02  
                         8.454e-05   4.448e-06   2.456e-01   1.928e-09   2.706e-02  
                         1.632e-06  
 1.200e-04   2.430e+03   2.583e-03   1.853e-03   6.654e-01   1.649e-02   3.516e-02  
                         6.927e-05   2.545e-06   2.512e-01   2.291e-09   2.723e-02  
                         4.383e-06  
 1.500e-04   2.461e+03   2.164e-03   1.390e-03   6.687e-01   1.377e-02   3.300e-02  
                         6.409e-05   1.970e-06   2.536e-01   2.359e-09   2.730e-02  
                         7.300e-06  
 1.800e-04   2.476e+03   1.972e-03   1.198e-03   6.703e-01   1.253e-02   3.187e-02  
                         6.193e-05   1.732e-06   2.548e-01   2.372e-09   2.733e-02  
                         1.021e-05  
 2.100e-04   2.484e+03   1.879e-03   1.108e-03   6.710e-01   1.193e-02   3.128e-02  
                         6.092e-05   1.621e-06   2.554e-01   2.380e-09   2.734e-02  
                         1.310e-05  
 2.400e-04   2.488e+03   1.831e-03   1.063e-03   6.714e-01   1.162e-02   3.097e-02  
                         6.042e-05   1.566e-06   2.557e-01   2.389e-09   2.735e-02  
                         1.598e-05  
 2.700e-04   2.489e+03   1.807e-03   1.041e-03   6.716e-01   1.146e-02   3.081e-02  
                         6.017e-05   1.538e-06   2.558e-01   2.401e-09   2.735e-02  
                         1.884e-05  
 3.000e-04   2.490e+03   1.794e-03   1.029e-03   6.717e-01   1.138e-02   3.072e-02  
                         6.004e-05   1.524e-06   2.559e-01   2.414e-09   2.735e-02  
                         2.169e-05  
END OF INTEGRATION...
